<?xml version="1.0" encoding="UTF-8"?>
<!-- Generated by org.testng.reporters.JUnitReportReporter -->
<testsuite skipped="0" hostname="Aishwarya" name="sample.Demo" tests="1" failures="0" timestamp="2023-05-09T18:20:58 IST" time="0.011" errors="0">
  <testcase name="demo" time="0.011" classname="sample.Demo"/>
  <system-out/>
</testsuite> <!-- sample.Demo -->
